"C:\Program Files\Zulu\zulu-21\bin\java.exe" -Dmaven.multiModuleProjectDirectory=C:\Users\C18132Q\Documents\Workspace-experian\experian-pme-bfm-receivables-anticipation-domain-services -Djansi.passthrough=true "-Dmaven.home=C:/Program Files/JetBrains/IntelliJ IDEA Community Edition 2025.1.3/plugins/maven/lib/maven3" "-Dclassworlds.conf=C:\Program Files\JetBrains\IntelliJ IDEA Community Edition 2025.1.3\plugins\maven\lib\maven3\bin\m2.conf" "-Dmaven.ext.class.path=C:\Program Files\JetBrains\IntelliJ IDEA Community Edition 2025.1.3\plugins\maven\lib\maven-event-listener.jar" "-javaagent:C:\Program Files\JetBrains\IntelliJ IDEA Community Edition 2025.1.3\lib\idea_rt.jar=62556" -Dfile.encoding=UTF-8 -Dsun.stdout.encoding=UTF-8 -Dsun.stderr.encoding=UTF-8 -classpath "C:\Program Files\JetBrains\IntelliJ IDEA Community Edition 2025.1.3\plugins\maven\lib\maven3\boot\plexus-classworlds-2.8.0.jar;C:\Program Files\JetBrains\IntelliJ IDEA Community Edition 2025.1.3\plugins\maven\lib\maven3\boot\plexus-classworlds.license" org.codehaus.classworlds.Launcher -Didea.version=2025.1.5.1 -DskipTests=true clean compile
[INFO] Scanning for projects...
[INFO] 
[INFO] --< br.com.experian.bfm:experian-pme-bfm-receivables-anticipation-services >--
[INFO] Building experian-pme-bfm-receivables-anticipation-domain-services 1.0.0
[INFO]   from pom.xml
[INFO] --------------------------------[ jar ]---------------------------------
[INFO] 
[INFO] --- clean:3.2.0:clean (default-clean) @ experian-pme-bfm-receivables-anticipation-services ---
[INFO] 
[INFO] --- resources:3.3.1:copy-resources (copy) @ experian-pme-bfm-receivables-anticipation-services ---
[INFO] Copying 1 resource from src\main\resources\docs to 
[INFO] 
[INFO] --- openapi-generator:7.11.0:generate (anticipation) @ experian-pme-bfm-receivables-anticipation-services ---
[WARNING] Failed to get the schema name: #/definition/AnticipationHistoryResponse
[WARNING] Failed to get the schema name: #/definition/AnticipationHistoryResponse
[WARNING] Failed to get the schema name: #/definition/AnticipationDetailResponse
[WARNING] Failed to get the schema name: #/definition/AnticipationDetailResponse
[WARNING] C:\Users\C18132Q\Documents\Workspace-experian\experian-pme-bfm-receivables-anticipation-domain-services\src\main\resources\PME-Receivables-Anticipation-BR.yaml [0:0]: unexpected error in Open-API generation
org.openapitools.codegen.SpecValidationException: There were issues with the specification. The option can be disabled via validateSpec (Maven/Gradle) or --skip-validate-spec (CLI).
 | Error count: 3, Warning count: 2
Errors: 
	-attribute paths.'/history/{id}'(get).tags is not of type `array`
	-attribute paths.'/history'(get).security.OauthSecurityUser is not of type `array`
	-attribute definitions.AnticipationDetailResponse.AccreditingInstitution is unexpected
Warnings: 
	-attribute paths.'/history/{id}'(get).tags is not of type `array`
	-attribute paths.'/history'(get).security.OauthSecurityUser is not of type `array`
	-attribute definitions.AnticipationDetailResponse.AccreditingInstitution is unexpected

    at org.openapitools.codegen.config.CodegenConfigurator.toContext (CodegenConfigurator.java:717)
    at org.openapitools.codegen.config.CodegenConfigurator.toClientOptInput (CodegenConfigurator.java:744)
    at org.openapitools.codegen.plugin.CodeGenMojo.execute (CodeGenMojo.java:940)
    at org.apache.maven.plugin.DefaultBuildPluginManager.executeMojo (DefaultBuildPluginManager.java:126)
    at org.apache.maven.lifecycle.internal.MojoExecutor.doExecute2 (MojoExecutor.java:328)
    at org.apache.maven.lifecycle.internal.MojoExecutor.doExecute (MojoExecutor.java:316)
    at org.apache.maven.lifecycle.internal.MojoExecutor.execute (MojoExecutor.java:212)
    at org.apache.maven.lifecycle.internal.MojoExecutor.execute (MojoExecutor.java:174)
    at org.apache.maven.lifecycle.internal.MojoExecutor.access$000 (MojoExecutor.java:75)
    at org.apache.maven.lifecycle.internal.MojoExecutor$1.run (MojoExecutor.java:162)
    at org.apache.maven.plugin.DefaultMojosExecutionStrategy.execute (DefaultMojosExecutionStrategy.java:39)
    at org.apache.maven.lifecycle.internal.MojoExecutor.execute (MojoExecutor.java:159)
    at org.apache.maven.lifecycle.internal.LifecycleModuleBuilder.buildProject (LifecycleModuleBuilder.java:105)
    at org.apache.maven.lifecycle.internal.LifecycleModuleBuilder.buildProject (LifecycleModuleBuilder.java:73)
    at org.apache.maven.lifecycle.internal.builder.singlethreaded.SingleThreadedBuilder.build (SingleThreadedBuilder.java:53)
    at org.apache.maven.lifecycle.internal.LifecycleStarter.execute (LifecycleStarter.java:118)
    at org.apache.maven.DefaultMaven.doExecute (DefaultMaven.java:261)
    at org.apache.maven.DefaultMaven.doExecute (DefaultMaven.java:173)
    at org.apache.maven.DefaultMaven.execute (DefaultMaven.java:101)
    at org.apache.maven.cli.MavenCli.execute (MavenCli.java:906)
    at org.apache.maven.cli.MavenCli.doMain (MavenCli.java:283)
    at org.apache.maven.cli.MavenCli.main (MavenCli.java:206)
    at jdk.internal.reflect.DirectMethodHandleAccessor.invoke (DirectMethodHandleAccessor.java:103)
    at java.lang.reflect.Method.invoke (Method.java:580)
    at org.codehaus.plexus.classworlds.launcher.Launcher.launchEnhanced (Launcher.java:255)
    at org.codehaus.plexus.classworlds.launcher.Launcher.launch (Launcher.java:201)
    at org.codehaus.plexus.classworlds.launcher.Launcher.mainWithExitCode (Launcher.java:361)
    at org.codehaus.plexus.classworlds.launcher.Launcher.main (Launcher.java:314)
    at org.codehaus.classworlds.Launcher.main (Launcher.java:41)
[ERROR] 
org.openapitools.codegen.SpecValidationException: There were issues with the specification. The option can be disabled via validateSpec (Maven/Gradle) or --skip-validate-spec (CLI).
 | Error count: 3, Warning count: 2
Errors: 
	-attribute paths.'/history/{id}'(get).tags is not of type `array`
	-attribute paths.'/history'(get).security.OauthSecurityUser is not of type `array`
	-attribute definitions.AnticipationDetailResponse.AccreditingInstitution is unexpected
Warnings: 
	-attribute paths.'/history/{id}'(get).tags is not of type `array`
	-attribute paths.'/history'(get).security.OauthSecurityUser is not of type `array`
	-attribute definitions.AnticipationDetailResponse.AccreditingInstitution is unexpected

    at org.openapitools.codegen.config.CodegenConfigurator.toContext (CodegenConfigurator.java:717)
    at org.openapitools.codegen.config.CodegenConfigurator.toClientOptInput (CodegenConfigurator.java:744)
    at org.openapitools.codegen.plugin.CodeGenMojo.execute (CodeGenMojo.java:940)
    at org.apache.maven.plugin.DefaultBuildPluginManager.executeMojo (DefaultBuildPluginManager.java:126)
    at org.apache.maven.lifecycle.internal.MojoExecutor.doExecute2 (MojoExecutor.java:328)
    at org.apache.maven.lifecycle.internal.MojoExecutor.doExecute (MojoExecutor.java:316)
    at org.apache.maven.lifecycle.internal.MojoExecutor.execute (MojoExecutor.java:212)
    at org.apache.maven.lifecycle.internal.MojoExecutor.execute (MojoExecutor.java:174)
    at org.apache.maven.lifecycle.internal.MojoExecutor.access$000 (MojoExecutor.java:75)
    at org.apache.maven.lifecycle.internal.MojoExecutor$1.run (MojoExecutor.java:162)
    at org.apache.maven.plugin.DefaultMojosExecutionStrategy.execute (DefaultMojosExecutionStrategy.java:39)
    at org.apache.maven.lifecycle.internal.MojoExecutor.execute (MojoExecutor.java:159)
    at org.apache.maven.lifecycle.internal.LifecycleModuleBuilder.buildProject (LifecycleModuleBuilder.java:105)
    at org.apache.maven.lifecycle.internal.LifecycleModuleBuilder.buildProject (LifecycleModuleBuilder.java:73)
    at org.apache.maven.lifecycle.internal.builder.singlethreaded.SingleThreadedBuilder.build (SingleThreadedBuilder.java:53)
    at org.apache.maven.lifecycle.internal.LifecycleStarter.execute (LifecycleStarter.java:118)
    at org.apache.maven.DefaultMaven.doExecute (DefaultMaven.java:261)
    at org.apache.maven.DefaultMaven.doExecute (DefaultMaven.java:173)
    at org.apache.maven.DefaultMaven.execute (DefaultMaven.java:101)
    at org.apache.maven.cli.MavenCli.execute (MavenCli.java:906)
    at org.apache.maven.cli.MavenCli.doMain (MavenCli.java:283)
    at org.apache.maven.cli.MavenCli.main (MavenCli.java:206)
    at jdk.internal.reflect.DirectMethodHandleAccessor.invoke (DirectMethodHandleAccessor.java:103)
    at java.lang.reflect.Method.invoke (Method.java:580)
    at org.codehaus.plexus.classworlds.launcher.Launcher.launchEnhanced (Launcher.java:255)
    at org.codehaus.plexus.classworlds.launcher.Launcher.launch (Launcher.java:201)
    at org.codehaus.plexus.classworlds.launcher.Launcher.mainWithExitCode (Launcher.java:361)
    at org.codehaus.plexus.classworlds.launcher.Launcher.main (Launcher.java:314)
    at org.codehaus.classworlds.Launcher.main (Launcher.java:41)
[INFO] ------------------------------------------------------------------------
[INFO] BUILD FAILURE
[INFO] ------------------------------------------------------------------------
[INFO] Total time:  21.072 s
[INFO] Finished at: 2025-09-06T02:11:36-03:00
[INFO] ------------------------------------------------------------------------
[ERROR] Failed to execute goal org.openapitools:openapi-generator-maven-plugin:7.11.0:generate (anticipation) on project experian-pme-bfm-receivables-anticipation-services: Code generation failed. See above for the full exception. -> [Help 1]
[ERROR] 
[ERROR] To see the full stack trace of the errors, re-run Maven with the -e switch.
[ERROR] Re-run Maven using the -X switch to enable full debug logging.
[ERROR] 
[ERROR] For more information about the errors and possible solutions, please read the following articles:
[ERROR] [Help 1] http://cwiki.apache.org/confluence/display/MAVEN/MojoExecutionException

Process finished with exit code 1
